<?xml version="1.0" encoding="UTF-8"?>
<testsuite xmlns:xsi="http://www.w3.org/2001/XMLSchema-instance" xsi:noNamespaceSchemaLocation="https://maven.apache.org/surefire/maven-surefire-plugin/xsd/surefire-test-report-3.0.xsd" version="3.0" name="bzh.redge.myDevContainer.MyDevContainerApplicationTests" time="4.497" tests="1" errors="0" skipped="0" failures="0">
  <properties>
[...]
</properties>
  <testcase name="contextLoads" classname="bzh.redge.myDevContainer.MyDevContainerApplicationTests" time="0.347">
    <system-out><![CDATA[13:11:38.099 [main] INFO org.springframework.test.context.support.AnnotationConfigContextLoaderUtils -- Could not detect default configuration classes for test class [bzh.redge.myDevContainer.MyDevContainerApplicationTests]: MyDevContainerApplicationTests does not declare any static, non-private, non-final, nested classes annotated with @Configuration.
13:11:38.161 [main] INFO org.springframework.boot.test.context.SpringBootTestContextBootstrapper -- Found @SpringBootConfiguration bzh.redge.myDevContainer.MyDevContainerApplication for test class bzh.redge.myDevContainer.MyDevContainerApplicationTests
13:11:38.270 [main] INFO org.springframework.boot.devtools.restart.RestartApplicationListener -- Restart disabled due to context in which it is running

  .   ____          _            __ _ _
 /\\ / ___'_ __ _ _(_)_ __  __ _ \ \ \ \
( ( )\___ | '_ | '_| | '_ \/ _` | \ \ \ \
 \\/  ___)| |_)| | | | | || (_| |  ) ) ) )
  '  |____| .__|_| |_|_| |_\__, | / / / /
 =========|_|==============|___/=/_/_/_/

 :: Spring Boot ::                (v3.3.1)

2024-07-11T13:11:38.444Z  INFO 8053 --- [myDevContainer] [           main] b.r.m.MyDevContainerApplicationTests     : Starting MyDevContainerApplicationTests using Java 21.0.3 with PID 8053 (started by root in /IdeaProjects/myDevContainer)
2024-07-11T13:11:38.445Z  INFO 8053 --- [myDevContainer] [           main] b.r.m.MyDevContainerApplicationTests     : No active profile set, falling back to 1 default profile: "default"
2024-07-11T13:11:39.337Z  INFO 8053 --- [myDevContainer] [           main] .s.d.r.c.RepositoryConfigurationDelegate : Bootstrapping Spring Data JPA repositories in DEFAULT mode.
2024-07-11T13:11:39.373Z  INFO 8053 --- [myDevContainer] [           main] .s.d.r.c.RepositoryConfigurationDelegate : Finished Spring Data repository scanning in 31 ms. Found 1 JPA repository interface.
2024-07-11T13:11:39.881Z  INFO 8053 --- [myDevContainer] [           main] com.zaxxer.hikari.HikariDataSource       : HikariPool-1 - Starting...
2024-07-11T13:11:40.015Z  INFO 8053 --- [myDevContainer] [           main] com.zaxxer.hikari.pool.HikariPool        : HikariPool-1 - Added connection org.postgresql.jdbc.PgConnection@6682e6a5
2024-07-11T13:11:40.016Z  INFO 8053 --- [myDevContainer] [           main] com.zaxxer.hikari.HikariDataSource       : HikariPool-1 - Start completed.
2024-07-11T13:11:40.037Z  INFO 8053 --- [myDevContainer] [           main] org.flywaydb.core.FlywayExecutor         : Database: jdbc:postgresql://bdd:5432/test-dev-container (PostgreSQL 16.3)
2024-07-11T13:11:40.068Z  INFO 8053 --- [myDevContainer] [           main] o.f.core.internal.command.DbValidate     : Successfully validated 1 migration (execution time 00:00.017s)
2024-07-11T13:11:40.084Z  INFO 8053 --- [myDevContainer] [           main] o.f.core.internal.command.DbMigrate      : Current version of schema "public": 1
2024-07-11T13:11:40.086Z  INFO 8053 --- [myDevContainer] [           main] o.f.core.internal.command.DbMigrate      : Schema "public" is up to date. No migration necessary.
2024-07-11T13:11:40.180Z  INFO 8053 --- [myDevContainer] [           main] o.hibernate.jpa.internal.util.LogHelper  : HHH000204: Processing PersistenceUnitInfo [name: default]
2024-07-11T13:11:40.225Z  INFO 8053 --- [myDevContainer] [           main] org.hibernate.Version                    : HHH000412: Hibernate ORM core version 6.5.2.Final
2024-07-11T13:11:40.250Z  INFO 8053 --- [myDevContainer] [           main] o.h.c.internal.RegionFactoryInitiator    : HHH000026: Second-level cache disabled
2024-07-11T13:11:40.518Z  INFO 8053 --- [myDevContainer] [           main] o.s.o.j.p.SpringPersistenceUnitInfo      : No LoadTimeWeaver setup: ignoring JPA class transformer
2024-07-11T13:11:41.142Z  INFO 8053 --- [myDevContainer] [           main] o.h.e.t.j.p.i.JtaPlatformInitiator       : HHH000489: No JTA platform available (set 'hibernate.transaction.jta.platform' to enable JTA platform integration)
2024-07-11T13:11:41.144Z  INFO 8053 --- [myDevContainer] [           main] j.LocalContainerEntityManagerFactoryBean : Initialized JPA EntityManagerFactory for persistence unit 'default'
2024-07-11T13:11:41.505Z  WARN 8053 --- [myDevContainer] [           main] JpaBaseConfiguration$JpaWebConfiguration : spring.jpa.open-in-view is enabled by default. Therefore, database queries may be performed during view rendering. Explicitly configure spring.jpa.open-in-view to disable this warning
2024-07-11T13:11:42.088Z  INFO 8053 --- [myDevContainer] [           main] b.r.m.MyDevContainerApplicationTests     : Started MyDevContainerApplicationTests in 3.827 seconds (process running for 4.428)
]]></system-out>
    <system-err><![CDATA[WARNING: A Java agent has been loaded dynamically (/root/.m2/repository/net/bytebuddy/byte-buddy-agent/1.14.17/byte-buddy-agent-1.14.17.jar)
WARNING: If a serviceability tool is in use, please run with -XX:+EnableDynamicAgentLoading to hide this warning
WARNING: If a serviceability tool is not in use, please run with -Djdk.instrument.traceUsage for more information
WARNING: Dynamic loading of agents will be disallowed by default in a future release
]]></system-err>
  </testcase>
</testsuite>